the
{'dump': 'false', 'file': './etc/data/auto93.csv', 'Far': '.95', 'go': 'data', 'help': 'false', 'min': '.5', 'p': 2, 'seed': 937162211, 'Sample': 512}
data
sym
num
clone
around
0 0 [8, 360, 215, 4615, 14, 70, 1, '10\n']
0 0.0 [8, 360, 215, 4615, 14, 70, 1, '10\n']
50 0.14 [8, 318, 150, 4237, 14.5, 73, 1, '10\n']
100 0.3 [6, 250, 100, 3336, 17, 74, 1, '20\n']
150 0.39 [6, 225, 100, 3630, 17.7, 77, 1, '20\n']
200 0.58 [4, 156, 105, 2745, 16.7, 78, 1, '20\n']
250 0.71 [4, 116, 90, 2123, 14, 71, 2, '30\n']
300 0.74 [4, 115, 95, 2694, 15, 75, 2, '20\n']
350 0.82 [4, 134, 90, 2711, 15.5, 80, 3, '30\n']
half
199 199 398
[4, 90, 71, 2223, 16.5, 75, 2, '30\n'] 0.6820450147798408
[4, 112, 88, 2395, 18, 82, 1, '30\n']
[8, 260, 110, 4060, 19, 77, 1, '20\n']
cluster
398  {'Lbs-': 2970.4, 'Acc+': 15.2, 'Mpg+\n': 23.8}
| 199  
| | 99
| | | 49
| | | | 24  {'Lbs-': 3866.7, 'Acc+': 13.9, 'Mpg+\n': 19.2}
| | | | 25  {'Lbs-': 4257.8, 'Acc+': 13.1, 'Mpg+\n': 16.8}
| | | 50
| | | | 25  {'Lbs-': 4099.2, 'Acc+': 12.7, 'Mpg+\n': 12.0}
| | | | 25  {'Lbs-': 4161.7, 'Acc+': 11.4, 'Mpg+\n': 13.2}
| | 100
| | | 50
| | | | 25  {'Lbs-': 3534.2, 'Acc+': 15.8, 'Mpg+\n': 18.8}
| | | | 25  {'Lbs-': 3062.9, 'Acc+': 15.9, 'Mpg+\n': 20.0}
| | | 50
| | | | 25  {'Lbs-': 3203.1, 'Acc+': 15.9, 'Mpg+\n': 21.6}
| | | | 25  {'Lbs-': 2800.1, 'Acc+': 15.8, 'Mpg+\n': 26.8}
| 199
| | 99
| | | 49
| | | | 24  {'Lbs-': 2260.8, 'Acc+': 16.5, 'Mpg+\n': 32.9}
| | | | 25  {'Lbs-': 2361.4, 'Acc+': 17.0, 'Mpg+\n': 34.0}
| | | 50
| | | | 25  {'Lbs-': 2687.7, 'Acc+': 14.9, 'Mpg+\n': 24.4}
| | | | 25  {'Lbs-': 2099.2, 'Acc+': 16.2, 'Mpg+\n': 30.0}
| | 100
| | | 50
| | | | 25  {'Lbs-': 2177.6, 'Acc+': 16.5, 'Mpg+\n': 30.0}
| | | | 25  {'Lbs-': 2324.8, 'Acc+': 15.8, 'Mpg+\n': 30.8}
| | | 50
| | | | 25  {'Lbs-': 2434.9, 'Acc+': 15.9, 'Mpg+\n': 26.0}
| | | | 25  {'Lbs-': 2202.1, 'Acc+': 16.2, 'Mpg+\n': 25.2}
optimize
398  {'Lbs-': 2970.4, 'Acc+': 15.2, 'Mpg+\n': 23.8}
| 199
| | 99
| | | 49
| | | | 25  {'Lbs-': 2113.2, 'Acc+': 17.0, 'Mpg+\n': 26.8}
✅ PASS: the
✅ PASS: data
✅ PASS: sym
✅ PASS: num
✅ PASS: clone
✅ PASS: around
✅ PASS: half
✅ PASS: cluster
✅ PASS: optimize