the
{'dump': 'false', 'file': '../../etc/data/repgrid1.csv', 'Far': '.95', 'go': 'data', 'help': 'false', 'min': '.5', 'p': 2, 'seed': 937162211, 'Sample': 512}
copy
b4 {'a': 1, 'b': {'c': 2, 'd': [3]}}
after {'a': 1, 'b': {'c': 2, 'd': [10000]}}
sym
num
repCols
{'a': 'Num', 'at': 0, 'hi': 5, 'id': 2876965712896, 'lo': 1, 'm2': 13.5, 'mu': 1.75, 'n': 8, 'txt': 'Num1', 'w': 1}
{'a': 'Num', 'at': 1, 'hi': 5, 'id': 2876965712032, 'lo': 1, 'm2': 17.875, 'mu': 2.375, 'n': 8, 'txt': 'Num2', 'w': 1}
{'a': 'Num', 'at': 2, 'hi': 3, 'id': 2876965711984, 'lo': 1, 'm2': 6.000000000000001, 'mu': 1.5, 'n': 8, 'txt': 'Num3', 'w': 1}
{'a': 'Num', 'at': 3, 'hi': 5, 'id': 2876965712128, 'lo': 1, 'm2': 18.875, 'mu': 2.125, 'n': 8, 'txt': 'Num4', 'w': 1}
{'a': 'Num', 'at': 4, 'hi': 5, 'id': 2876965711936, 'lo': 1, 'm2': 14.874999999999998, 'mu': 1.8749999999999998, 'n': 8, 'txt': 'Num5', 'w': 1}
{'a': 'Num', 'at': 5, 'hi': 5, 'id': 2876965709200, 'lo': 1, 'm2': 32.0, 'mu': 3.0, 'n': 8, 'txt': 'Num6', 'w': 1}
{'a': 'Num', 'at': 6, 'hi': 5, 'id': 2876965712992, 'lo': 1, 'm2': 20.000000000000004, 'mu': 3.5, 'n': 8, 'txt': 'Num7', 'w': 1}
{'a': 'Num', 'at': 7, 'hi': 5, 'id': 2876965712944, 'lo': 2, 'm2': 10.874999999999998, 'mu': 4.125, 'n': 8, 'txt': 'Num8', 'w': 1}
{'a': 'Num', 'at': 8, 'hi': 5, 'id': 2876965713088, 'lo': 1, 'm2': 16.0, 'mu': 2.5, 'n': 8, 'txt': 'Num9', 'w': 1}
{'a': 'Num', 'at': 9, 'hi': 5, 'id': 2876965713136, 'lo': 1, 'm2': 15.875, 'mu': 2.375, 'n': 8, 'txt': 'Num10', 'w': 1}
{'a': 'Sym', 'at': 10, 'has': {}, 'id': 2876965713184, 'mode': None, 'most': 0, 'n': 0, 'txt': 'thingX'}       
{'a': 'Row', 'cells': [5, 3, 3, 1, 1, 1, 1, 3, 5, 5, 'DevelopmentTool:Application'], 'id': 2876965713040}      
{'a': 'Row', 'cells': [2, 1, 1, 5, 5, 5, 5, 5, 1, 2, 'Multimedia:Programming'], 'id': 2876965713280}
{'a': 'Row', 'cells': [1, 3, 1, 3, 2, 5, 4, 3, 1, 1, 'CommunicationTechnology:ApplicationTechnology'], 'id': 2876965713376}
{'a': 'Row', 'cells': [2, 1, 1, 1, 3, 5, 3, 2, 2, 2, 'HumanOrientedTool:SystemTool'], 'id': 2876965713472}     
{'a': 'Row', 'cells': [1, 5, 3, 4, 1, 1, 4, 5, 4, 4, 'ConventionalCommunication:NovelCommunication'], 'id': 2876965713568}
{'a': 'Row', 'cells': [1, 4, 1, 1, 1, 1, 1, 5, 3, 1, 'OnlyActAsProgrammed:Semi-autonomous'], 'id': 2876965713664}
{'a': 'Row', 'cells': [1, 1, 1, 1, 1, 1, 5, 5, 1, 1, 'ConventionalSystem:IntelligentSystem'], 'id': 2876965713760}
{'a': 'Row', 'cells': [1, 1, 1, 1, 1, 5, 5, 5, 3, 3, 'TargetedOnInterface:TargetedOnOverallSystem'], 'id': 2876965713856}
synonyms
74
|..61
|..|..54
|..|..|..TargetedOnInterface:TargetedOnOverallSystem
|..|..|..TargetedOnInterface:TargetedOnOverallSystem
|..|..43
|..|..|..TargetedOnInterface:TargetedOnOverallSystem
|..|..|..TargetedOnInterface:TargetedOnOverallSystem
|..51
|..|..30
|..|..|..TargetedOnInterface:TargetedOnOverallSystem
|..|..|..TargetedOnInterface:TargetedOnOverallSystem
|..|..49
|..|..|..TargetedOnInterface:TargetedOnOverallSystem
|..|..|..TargetedOnInterface:TargetedOnOverallSystem
repRows
[['DevelopmentTool', 'Multimedia', 'CommunicationTechnology', 'HumanOrientedTool', 'ConventionalCommunication', 'OnlyActAsProgrammed', 'ConventionalSystem', 'TargetedOnInterface'], [5, 2, 1, 2, 1, 1, 1, 1], [3, 1, 3, 1, 5, 4, 1, 1], [3, 1, 1, 1, 3, 1, 1, 1], [1, 5, 3, 1, 4, 1, 1, 1], [1, 5, 2, 3, 1, 1, 1, 1], [1, 5, 5, 5, 1, 1, 1, 5], [1, 5, 4, 3, 4, 1, 5, 5], [3, 5, 3, 2, 5, 5, 5, 5], [5, 1, 1, 2, 4, 3, 1, 3], [5, 2, 1, 2, 4, 1, 1, 3], ['Application', 'Programming', 'ApplicationTechnology', 'SystemTool', 'NovelCommunication', 'Semi-autonomous', 'IntelligentSystem', 'TargetedOnOverallSystem']]
<class 'list'>
{'a': 'Num', 'at': 0, 'hi': 5, 'id': 2876965713088, 'lo': 1, 'm2': 27.6, 'mu': 2.8, 'n': 10, 'txt': 'DevelopmentTool:Application', 'w': 1}
{'a': 'Num', 'at': 1, 'hi': 5, 'id': 2876965713280, 'lo': 1, 'm2': 33.6, 'mu': 3.2, 'n': 10, 'txt': 'Multimedia:Programming', 'w': 1}
{'a': 'Num', 'at': 2, 'hi': 5, 'id': 2876965713136, 'lo': 1, 'm2': 18.4, 'mu': 2.4, 'n': 10, 'txt': 'CommunicationTechnology:ApplicationTechnology', 'w': 1}
{'a': 'Num', 'at': 3, 'hi': 5, 'id': 2876965713184, 'lo': 1, 'm2': 13.599999999999998, 'mu': 2.2000000000000006, 'n': 10, 'txt': 'HumanOrientedTool:SystemTool', 'w': 1}
{'a': 'Num', 'at': 4, 'hi': 5, 'id': 2876965711936, 'lo': 1, 'm2': 23.6, 'mu': 3.2, 'n': 10, 'txt': 'ConventionalCommunication:NovelCommunication', 'w': 1}
{'a': 'Num', 'at': 5, 'hi': 5, 'id': 2876965711984, 'lo': 1, 'm2': 20.9, 'mu': 1.9, 'n': 10, 'txt': 'OnlyActAsProgrammed:Semi-autonomous', 'w': -1}
{'a': 'Num', 'at': 6, 'hi': 5, 'id': 2876965713040, 'lo': 1, 'm2': 25.6, 'mu': 1.8, 'n': 10, 'txt': 'ConventionalSystem:IntelligentSystem', 'w': 1}
{'a': 'Num', 'at': 7, 'hi': 5, 'id': 2876965713232, 'lo': 1, 'm2': 30.4, 'mu': 2.5999999999999996, 'n': 10, 'txt': 'TargetedOnInterface:TargetedOnOverallSystem', 'w': 1}
{'a': 'Sym', 'at': 8, 'has': {}, 'id': 2876965713328, 'mode': None, 'most': 0, 'n': 0, 'txt': 'thingX'}        
{'a': 'Row', 'cells': [5, 2, 1, 2, 1, 1, 1, 1, 'ElectronicPublishing'], 'id': 2876965712992}
{'a': 'Row', 'cells': [3, 1, 3, 1, 5, 4, 1, 1, 'VirtualReality'], 'id': 2876965713376}
{'a': 'Row', 'cells': [3, 1, 1, 1, 3, 1, 1, 1, 'MultimediaAndHypermedia'], 'id': 2876965713424}
{'a': 'Row', 'cells': [1, 5, 3, 1, 4, 1, 1, 1, 'VisualProgramming'], 'id': 2876965713472}
{'a': 'Row', 'cells': [1, 5, 2, 3, 1, 1, 1, 1, 'CrossPlatformGUIs'], 'id': 2876965713520}
{'a': 'Row', 'cells': [1, 5, 5, 5, 1, 1, 1, 5, 'ObjectOrientedSystems'], 'id': 2876965713568}
{'a': 'Row', 'cells': [1, 5, 4, 3, 4, 1, 5, 5, 'KnowledgeBasedSystems'], 'id': 2876965713616}
{'a': 'Row', 'cells': [3, 5, 3, 2, 5, 5, 5, 5, 'IntelligentAgents'], 'id': 2876965713664}
{'a': 'Row', 'cells': [5, 1, 1, 2, 4, 3, 1, 3, 'InformationHighway'], 'id': 2876965713712}
{'a': 'Row', 'cells': [5, 2, 1, 2, 4, 1, 1, 3, 'BroadbandNetworks'], 'id': 2876965713760}
every
[['DevelopmentTool', 'Multimedia', 'CommunicationTechnology', 'HumanOrientedTool', 'ConventionalCommunication', 'OnlyActAsProgrammed', 'ConventionalSystem', 'TargetedOnInterface'], [5, 2, 1, 2, 1, 1, 1, 1], [3, 1, 3, 1, 5, 4, 1, 1], [3, 1, 1, 1, 3, 1, 1, 1], [1, 5, 3, 1, 4, 1, 1, 1], [1, 5, 2, 3, 1, 1, 1, 1], [1, 5, 5, 5, 1, 1, 1, 5], [1, 5, 4, 3, 4, 1, 5, 5], [3, 5, 3, 2, 5, 5, 5, 5], [5, 1, 1, 2, 4, 3, 1, 3], [5, 2, 1, 2, 4, 1, 1, 3], ['Application', 'Programming', 'ApplicationTechnology', 'SystemTool', 'NovelCommunication', 'Semi-autonomous', 'IntelligentSystem', 'TargetedOnOverallSystem']]
<class 'list'>
80
|..66
|..|..51
|..|..|..BroadbandNetworks
|..|..|..BroadbandNetworks
|..|..58
|..|..|..BroadbandNetworks
|..|..|..57
|..|..|..|..BroadbandNetworks
|..|..|..|..BroadbandNetworks
|..31
|..|..27
|..|..|..BroadbandNetworks
|..|..|..BroadbandNetworks
|..|..34
|..|..|..BroadbandNetworks
|..|..|..34
|..|..|..|..BroadbandNetworks
|..|..|..|..BroadbandNetworks
70
|..61
|..|..43
|..|..|..TargetedOnInterface:TargetedOnOverallSystem
|..|..|..TargetedOnInterface:TargetedOnOverallSystem
|..|..54
|..|..|..TargetedOnInterface:TargetedOnOverallSystem
|..|..|..TargetedOnInterface:TargetedOnOverallSystem
|..51
|..|..49
|..|..|..TargetedOnInterface:TargetedOnOverallSystem
|..|..|..TargetedOnInterface:TargetedOnOverallSystem
|..|..30
|..|..|..TargetedOnInterface:TargetedOnOverallSystem
|..|..|..TargetedOnInterface:TargetedOnOverallSystem

A ElectronicPublishing
B VirtualReality
C MultimediaAndHypermedia
D VisualProgramming
E CrossPlatformGUIs
F ObjectOrientedSystems
G KnowledgeBasedSystems
H IntelligentAgents
I InformationHighway
J BroadbandNetworks

F





                            C
              E         J B
                  D       I
      G

            H
position
[['DevelopmentTool', 'Multimedia', 'CommunicationTechnology', 'HumanOrientedTool', 'ConventionalCommunication', 'OnlyActAsProgrammed', 'ConventionalSystem', 'TargetedOnInterface'], [5, 2, 1, 2, 1, 1, 1, 1], [3, 1, 3, 1, 5, 4, 1, 1], [3, 1, 1, 1, 3, 1, 1, 1], [1, 5, 3, 1, 4, 1, 1, 1], [1, 5, 2, 3, 1, 1, 1, 1], [1, 5, 5, 5, 1, 1, 1, 5], [1, 5, 4, 3, 4, 1, 5, 5], [3, 5, 3, 2, 5, 5, 5, 5], [5, 1, 1, 2, 4, 3, 1, 3], [5, 2, 1, 2, 4, 1, 1, 3], ['Application', 'Programming', 'ApplicationTechnology', 'SystemTool', 'NovelCommunication', 'Semi-autonomous', 'IntelligentSystem', 'TargetedOnOverallSystem']]
<class 'list'>

A ElectronicPublishing
B VirtualReality
C MultimediaAndHypermedia
D VisualProgramming
E CrossPlatformGUIs
F ObjectOrientedSystems
G KnowledgeBasedSystems
H IntelligentAgents
I InformationHighway
J BroadbandNetworks

D





      E
                    F
B
C         G
  J   H
  I A
prototypes
[['DevelopmentTool', 'Multimedia', 'CommunicationTechnology', 'HumanOrientedTool', 'ConventionalCommunication', 'OnlyActAsProgrammed', 'ConventionalSystem', 'TargetedOnInterface'], [5, 2, 1, 2, 1, 1, 1, 1], [3, 1, 3, 1, 5, 4, 1, 1], [3, 1, 1, 1, 3, 1, 1, 1], [1, 5, 3, 1, 4, 1, 1, 1], [1, 5, 2, 3, 1, 1, 1, 1], [1, 5, 5, 5, 1, 1, 1, 5], [1, 5, 4, 3, 4, 1, 5, 5], [3, 5, 3, 2, 5, 5, 5, 5], [5, 1, 1, 2, 4, 3, 1, 3], [5, 2, 1, 2, 4, 1, 1, 3], ['Application', 'Programming', 'ApplicationTechnology', 'SystemTool', 'NovelCommunication', 'Semi-autonomous', 'IntelligentSystem', 'TargetedOnOverallSystem']]
<class 'list'>
80
|..48
|..|..27
|..|..|..BroadbandNetworks
|..|..|..BroadbandNetworks
|..|..35
|..|..|..BroadbandNetworks
|..|..|..9
|..|..|..|..BroadbandNetworks
|..|..|..|..BroadbandNetworks
|..66
|..|..51
|..|..|..BroadbandNetworks
|..|..|..BroadbandNetworks
|..|..58
|..|..|..BroadbandNetworks
|..|..|..57
|..|..|..|..BroadbandNetworks
|..|..|..|..BroadbandNetworks
✅ PASS: the
✅ PASS: copy
✅ PASS: sym
✅ PASS: num
✅ PASS: repCols
✅ PASS: synonyms
✅ PASS: repRows
✅ PASS: every
✅ PASS: position
✅ PASS: prototypes
