the
{'bins': 16, 'cliffs': '.147', 'file': './etc/data/auto93.csv', 'Far': '.95', 'go': 'nothing', 'help': 'false', 'Halves': 512, 'min': '.5', 'Max': 512, 'p': 2, 'rest': 4, 'seed': 937162211, 'Reuse': 'true', 'Sample': 512}
rand
some
{1.0: 1.0, 2.0: 2.0, 3.0: 3.0, 4.0: 4.0, 5.0: 5.0, 6.0: 6.0, 7.0: 7.0, 8.0: 8.0, 9.0: 9.0, 10.0: 10.0, 11.0: 11.0, 12.0: 12.0, 13.0: 13.0, 14.0: 14.0, 15.0: 15.0, 16.0: 16.0, 17.0: 17.0, 18.0: 18.0, 19.0: 19.0, 20.0: 20.0, 21.0: 21.0, 22.0: 22.0, 23.0: 23.0, 24.0: 24.0, 25.0: 25.0, 26.0: 26.0, 27.0: 27.0, 28.0: 28.0, 29.0: 29.0, 30.0: 30.0, 31.0: 31.0, 32.0: 32.0}
nums
1 0.5 0.3
2 0.3 0.3
syms
a 1.379
csv
data
68.0 455.0 193.42587939698493 104.269838171196
{'Lbs-': 2970.42, 'Acc+': 15.57, 'Mpg+\n': 23.84}
clone
{'Lbs-': 2970.42, 'Acc+': 15.57, 'Mpg+\n': 23.84}
{'Lbs-': 2970.42, 'Acc+': 15.57, 'Mpg+\n': 23.84}
cliffsDelta
> 1.0 False
> 1.025 False
> 1.051 False
> 1.077 False
> 1.104 False
> 1.131 False
> 1.16 False
> 1.189 True
dist
{'lo': 0.0, 'hi': 0.9022161422721422, 'mid': 0.52, 'div': 0.26}
half
200 198
[6, 173, 115, 2700, 12.9, 79, 1, '30\n'] 0.5506682184549639
[4, 90, 75, 2125, 14.5, 74, 1, '30\n']
[4, 90, 48, 2085, 21.7, 80, 2, '40\n']
l {'Lbs-': 3585.75, 'Acc+': 14.71, 'Mpg+\n': 18.2}
r {'Lbs-': 2348.89, 'Acc+': 16.44, 'Mpg+\n': 29.55}
tree
[398]  {'Lbs-': 2970.4, 'Acc+': 15.6, 'Mpg+\n': 23.8}
|.. [200]  
|.. |.. [101]
|.. |.. |.. [51]
|.. |.. |.. |.. [26]  {'Lbs-': 2426.3, 'Acc+': 16.0, 'Mpg+\n': 22.7}
|.. |.. |.. |.. [25]  {'Lbs-': 2025.0, 'Acc+': 17.8, 'Mpg+\n': 28.8}
|.. |.. |.. [50]
|.. |.. |.. |.. [26]  {'Lbs-': 2398.2, 'Acc+': 15.6, 'Mpg+\n': 26.2}
|.. |.. |.. |.. [24]  {'Lbs-': 2987.5, 'Acc+': 15.8, 'Mpg+\n': 20.4}
|.. |.. [99]
|.. |.. |.. [50]
|.. |.. |.. |.. [26]  {'Lbs-': 2151.6, 'Acc+': 16.8, 'Mpg+\n': 34.2}
|.. |.. |.. |.. [24]  {'Lbs-': 2105.5, 'Acc+': 16.4, 'Mpg+\n': 34.6}
|.. |.. |.. [49]
|.. |.. |.. |.. [25]  {'Lbs-': 2649.5, 'Acc+': 16.4, 'Mpg+\n': 26.8}
|.. |.. |.. |.. [24]  {'Lbs-': 2191.2, 'Acc+': 16.2, 'Mpg+\n': 28.3}
|.. [198]
|.. |.. [100]
|.. |.. |.. [51]
|.. |.. |.. |.. [26]  {'Lbs-': 3684.0, 'Acc+': 15.1, 'Mpg+\n': 21.5}
|.. |.. |.. |.. [25]  {'Lbs-': 4180.6, 'Acc+': 13.4, 'Mpg+\n': 15.2}
|.. |.. |.. [49]
|.. |.. |.. |.. [25]  {'Lbs-': 4208.5, 'Acc+': 12.6, 'Mpg+\n': 12.8}
|.. |.. |.. |.. [24]  {'Lbs-': 4294.2, 'Acc+': 11.3, 'Mpg+\n': 12.1}
|.. |.. [98]
|.. |.. |.. [50]
|.. |.. |.. |.. [26]  {'Lbs-': 3262.3, 'Acc+': 16.3, 'Mpg+\n': 20.8}
|.. |.. |.. |.. [24]  {'Lbs-': 2703.8, 'Acc+': 16.6, 'Mpg+\n': 28.3}
|.. |.. |.. [48]
|.. |.. |.. |.. [25]  {'Lbs-': 3516.0, 'Acc+': 17.0, 'Mpg+\n': 19.2}
|.. |.. |.. |.. [23]  {'Lbs-': 2738.5, 'Acc+': 15.6, 'Mpg+\n': 30.0}
sway

all  {'Lbs-': 2970.42, 'Acc+': 15.57, 'Mpg+\n': 23.84}
     {'Lbs-': 846.84, 'Acc+': 2.76, 'Mpg+\n': 8.34}

best {'Lbs-': 1942.43, 'Acc+': 16.98, 'Mpg+\n': 37.14}
     {'Lbs-': 120.11, 'Acc+': 1.75, 'Mpg+\n': 6.11}

rest {'Lbs-': 3052.43, 'Acc+': 15.46, 'Mpg+\n': 23.04}
     {'Lbs-': 811.2, 'Acc+': 2.41, 'Mpg+\n': 6.85}
bins
all    {'best': 14, 'rest': 56}

Clndrs -inf 6 0.104 {'rest': 3, 'best': 2}
Clndrs 6 inf 0.0 {'rest': 17}

Volume -inf 151 0.063 {'rest': 10, 'best': 2}
Volume 151 173 0.057 {'best': 1, 'rest': 1}
Volume 173 inf 0.0 {'rest': 8}

Model -inf 81 0.022 {'rest': 9, 'best': 1}
Model 81 inf 0.0 {'rest': 6}

origin 1 1 0.309 {'best': 9, 'rest': 39}
origin 2 2 0.107 {'best': 3, 'rest': 12}
origin 3 3 0.088 {'best': 2, 'rest': 5}
✅ PASS: the
✅ PASS: rand
✅ PASS: some
✅ PASS: nums
✅ PASS: syms
✅ PASS: csv
✅ PASS: data
✅ PASS: clone
✅ PASS: cliffsDelta
✅ PASS: dist
✅ PASS: half
✅ PASS: tree
✅ PASS: sway
✅ PASS: bins