ok
samples
 beaca
 ddddb
 adadd
 eadcb
 eacaa
 aeadb
 daebd
 debcb
 bdcad
 eabca
num
 10 5.5 3.0276503540974917
gaussian
 10000 10.013090245127714 1.9708063718547493
bootmu
 mu  sd cliffs boot both
 --- -- ------ ---- ----
 10.0 1 True True True
 10.1 1 True True True
 10.2 1 False True False
 10.3 1 True True True
 10.4 1 True True True
 10.5 1 False False False
 10.6 1 False False False
 10.7 1 False False False
 10.8 1 False False False
 10.9 1 False False False
 11.0 1 False False False
basic
                truee True True
                false False False
                false False False
pre
eg3
         1 True True True
         1.05 True True True
         1.1 False False True
         1.1500000000000001 False False True
         1.2000000000000002 False False True
         1.2500000000000002 False False True
         1.3000000000000003 False False True
         1.3500000000000003 False False True
         1.4000000000000004 False False True
         1.4500000000000004 False False True
five
rx5 1  -----   *------    |                    ['0.10', '0.20', '0.30', '0.30', '0.40']
rx3 2   ------    *---    |                    ['0.15', '0.25', '0.35', '0.35', '0.40']
rx1 3             --------*-----               ['0.34', '0.49', '0.51', '0.51', '0.60']
rx4 4                     |    ------    *-----['0.60', '0.70', '0.80', '0.80', '0.90']
rx2 4                     |    ------    *-----['0.60', '0.70', '0.80', '0.80', '0.90']
six
rx1 1  ----------         *                   -['99.00', '99.50', '100.00', '101.00', '101.00']
rx2 1  -------------------*                   -['99.00', '100.00', '100.00', '101.00', '101.00']
rx3 1  ----------         *                   -['99.00', '99.50', '100.00', '101.00', '101.00']
rx4 1  -------------------*                   -['99.00', '100.00', '100.00', '101.00', '101.00']
tiles
 rx10   -*-               |                    ['8.78', '9.51', '9.97', '10.54', '11.28']
 rx1   -*-               |                    ['8.76', '9.48', '9.97', '10.47', '11.29']
 rx6   -*-               |                    ['8.73', '9.45', '10.00', '10.46', '11.31']
 rx2   -*-               |                    ['8.76', '9.52', '10.07', '10.60', '11.36']
 rx3            -*-      |                    ['18.75', '19.45', '19.99', '20.48', '21.26']
 rx8                     |        --*-        ['38.62', '39.51', '40.03', '40.59', '41.33']
 rx5                     |*--                 ['28.74', '29.50', '30.01', '30.51', '31.28']
 rx4                     |*--                 ['28.67', '29.48', '30.03', '30.58', '31.28']
 rx7   -*-               |                    ['8.69', '9.48', '10.04', '10.54', '11.29']
 rx9                     |      --- *---      ['36.27', '38.60', '40.13', '41.68', '43.97']
sk
 1 rx6   -*-               |                    ['8.64', '9.42', '9.94', '10.53', '11.28']
 1 rx7   -*-               |                    ['8.74', '9.49', '9.99', '10.48', '11.22']
 1 rx1   -*-               |                    ['8.73', '9.43', '10.01', '10.58', '11.33']
 1 rx10   -*-               |                    ['8.74', '9.48', '10.02', '10.57', '11.28']
 1 rx2   -*-               |                    ['8.83', '9.56', '10.11', '10.60', '11.40']
 2 rx5                     |-*-                 ['28.83', '29.52', '30.03', '30.54', '31.24']
 2 rx4                     |-*-                 ['28.75', '29.50', '29.99', '30.52', '31.23']
 3 rx3            -*-      |                    ['18.75', '19.51', '20.04', '20.57', '21.22']
 4 rx8                     |         -*-        ['38.76', '39.48', '40.04', '40.57', '41.32']
 4 rx9                     |      --- *---      ['36.24', '38.52', '40.12', '41.61', '43.66']
✅ PASS: ok
✅ PASS: samples
✅ PASS: num
✅ PASS: gaussian
✅ PASS: bootmu
✅ PASS: basic
✅ PASS: pre
✅ PASS: five
✅ PASS: six
✅ PASS: tiles
✅ PASS: sk